###############################################################
#  Generated by:      Cadence Innovus 20.11-s130_1
#  OS:                Linux x86_64(Host ID isaserver)
#  Generated on:      Tue Oct 31 21:17:56 2023
#  Design:            myfir
#  Command:           verifyConnectivity -type all -error 1000 -warning 50
###############################################################
Verify Connectivity Report is created on Tue Oct 31 21:17:56 2023



Net FE_OFN148_n1689, Pin Pin: FE_OFC148_n1689/Z; Direction: OUTPUT; Use: SIGNAL;: has an unconnected terminal at (101.545, 26.220) (101.985, 27.215)
Net FE_OFN148_n1689: has regular routing with opens at (100.875, 19.460) (158.385, 41.020)
Net FE_OFN148_n1689: dangling Wire at (101.605, 28.690) (101.605, 28.690) on layer: metal1
Net FE_OFN1_RST_n, Pin Pin: FE_OFC1_RST_n/Z; Direction: OUTPUT; Use: SIGNAL;: has an unconnected terminal at (146.345, 177.420) (146.785, 178.415)
Net FE_OFN1_RST_n: has regular routing with opens at (134.480, 135.730) (175.220, 181.370)
Net FE_OFN1_RST_n: dangling Wire at (146.385, 177.390) (146.385, 177.390) on layer: metal1
Net FE_DBTN16_d3k_reg1_0, Pin Pin: FE_RC_110_0/B1; Direction: INPUT; Use: SIGNAL;: has an unconnected terminal at (102.810, 26.565) (102.920, 26.740)
Net FE_DBTN16_d3k_reg1_0, Pin Pin: mult_77_U395/B2; Direction: INPUT; Use: SIGNAL;: has an unconnected terminal at (101.900, 25.340) (102.025, 25.515)
Net FE_DBTN16_d3k_reg1_0: has regular routing with opens at (101.710, 23.310) (161.495, 44.090)
Net FE_DBTN16_d3k_reg1_0: dangling Wire at (101.900, 26.565) (101.900, 26.565) on layer: metal1
Net FE_DBTN16_d3k_reg1_0: dangling Wire at (102.050, 25.515) (102.050, 25.515) on layer: metal1
Net n1689, Pin Pin: FE_OFC148_n1689/A; Direction: INPUT; Use: SIGNAL;: has an unconnected terminal at (102.220, 26.565) (102.350, 26.740)
Net n1689: has regular routing with opens at (100.305, 23.765) (102.730, 79.055)
Net n1689: dangling Wire at (101.970, 28.315) (101.970, 28.315) on layer: metal1
Net mult_77_n496, Pin Pin: FE_RC_110_0/ZN; Direction: OUTPUT; Use: SIGNAL;: has an unconnected terminal at (102.675, 26.190) (102.935, 27.155)
Net mult_77_n496: has regular routing with opens at (99.775, 22.540) (101.935, 25.690)
Net mult_77_n496: dangling Wire at (101.915, 25.685) (101.915, 25.685) on layer: metal1
Net mult_77_n495, Pin Pin: FE_RC_110_0/A; Direction: INPUT; Use: SIGNAL;: has an unconnected terminal at (102.985, 26.565) (103.110, 26.740)
Net mult_77_n495, Pin Pin: mult_77_U395/B1; Direction: INPUT; Use: SIGNAL;: has an unconnected terminal at (102.090, 25.340) (102.215, 25.515)
Net mult_77_n495: has regular routing with opens at (102.090, 25.515) (102.740, 29.950)
Net mult_77_n495: dangling Wire at (102.225, 25.515) (102.225, 25.515) on layer: metal1
Net mult_77_n495: dangling Wire at (102.090, 26.565) (102.090, 26.565) on layer: metal1
Net mult_77_n494, Pin Pin: mult_77_U395/A1; Direction: INPUT; Use: SIGNAL;: has an unconnected terminal at (102.415, 25.340) (102.540, 25.515)
Net mult_77_n494: has regular routing with opens at (102.415, 25.340) (104.270, 27.290)
Net mult_77_n494: dangling Wire at (102.415, 26.565) (102.415, 26.565) on layer: metal1
Net mult_77_n486, Pin Pin: mult_77_U395/A2; Direction: INPUT; Use: SIGNAL;: has an unconnected terminal at (102.605, 25.340) (102.730, 25.515)
Net mult_77_n486: has regular routing with opens at (101.710, 23.765) (111.335, 28.350)
Net mult_77_n486: dangling Wire at (101.710, 25.515) (101.710, 25.515) on layer: metal1
Net mult_77_n220, Pin Pin: mult_77_U395/ZN; Direction: OUTPUT; Use: SIGNAL;: has an unconnected terminal at (102.280, 24.990) (102.565, 25.650)
Net mult_77_n220: has regular routing with opens at (101.085, 15.190) (102.730, 26.430)
Net mult_77_n220: dangling Wire at (102.280, 26.430) (102.280, 26.430) on layer: metal1

Begin Summary
    11 Problem(s) (IMPVFC-96): Terminal(s) are not connected.
    9 Problem(s) (IMPVFC-92): Pieces of the net are not connected together.
    11 Problem(s) (IMPVFC-94): The net has dangling wire(s).
    31 total info(s) created.
End Summary
